<?xml version="1.0" encoding="UTF-8"?>
<testsuite xmlns:xsi="http://www.w3.org/2001/XMLSchema-instance" xsi:noNamespaceSchemaLocation="https://maven.apache.org/surefire/maven-surefire-plugin/xsd/surefire-test-report-3.0.xsd" version="3.0" name="org.scheduler.PerformanceTest" time="0.203" tests="1" errors="0" skipped="0" failures="0">
  <properties>
[...]
</properties>
  <testcase name="testStressWithComplexDependencies" classname="org.scheduler.PerformanceTest" time="0.18">
    <system-out><![CDATA[=> 'Developer0' has been added to the team.
=> 'Developer1' has been added to the team.
=> 'Developer2' has been added to the team.
=> 'Developer3' has been added to the team.
=> 'Developer4' has been added to the team.
=> 'Developer5' has been added to the team.
=> 'Developer6' has been added to the team.
=> 'Developer7' has been added to the team.
=> 'Developer8' has been added to the team.
=> 'Developer9' has been added to the team.
=> 'Developer10' has been added to the team.
=> 'Developer11' has been added to the team.
=> 'Developer12' has been added to the team.
=> 'Developer13' has been added to the team.
=> 'Developer14' has been added to the team.
=> 'Developer15' has been added to the team.
=> 'Developer16' has been added to the team.
=> 'Developer17' has been added to the team.
=> 'Developer18' has been added to the team.
=> 'Developer19' has been added to the team.
=> 'Developer20' has been added to the team.
=> 'Developer21' has been added to the team.
=> 'Developer22' has been added to the team.
=> 'Developer23' has been added to the team.
=> 'Developer24' has been added to the team.
=> 'Developer25' has been added to the team.
=> 'Developer26' has been added to the team.
=> 'Developer27' has been added to the team.
=> 'Developer28' has been added to the team.
=> 'Developer29' has been added to the team.
=> 'Developer30' has been added to the team.
=> 'Developer31' has been added to the team.
=> 'Developer32' has been added to the team.
=> 'Developer33' has been added to the team.
=> 'Developer34' has been added to the team.
=> 'Developer35' has been added to the team.
=> 'Developer36' has been added to the team.
=> 'Developer37' has been added to the team.
=> 'Developer38' has been added to the team.
=> 'Developer39' has been added to the team.
=> 'Developer40' has been added to the team.
=> 'Developer41' has been added to the team.
=> 'Developer42' has been added to the team.
=> 'Developer43' has been added to the team.
=> 'Developer44' has been added to the team.
=> 'Developer45' has been added to the team.
=> 'Developer46' has been added to the team.
=> 'Developer47' has been added to the team.
=> 'Developer48' has been added to the team.
=> 'Developer49' has been added to the team.
=> 'Developer50' has been added to the team.
=> 'Developer51' has been added to the team.
=> 'Developer52' has been added to the team.
=> 'Developer53' has been added to the team.
=> 'Developer54' has been added to the team.
=> 'Developer55' has been added to the team.
=> 'Developer56' has been added to the team.
=> 'Developer57' has been added to the team.
=> 'Developer58' has been added to the team.
=> 'Developer59' has been added to the team.
=> 'Developer60' has been added to the team.
=> 'Developer61' has been added to the team.
=> 'Developer62' has been added to the team.
=> 'Developer63' has been added to the team.
=> 'Developer64' has been added to the team.
=> 'Developer65' has been added to the team.
=> 'Developer66' has been added to the team.
=> 'Developer67' has been added to the team.
=> 'Developer68' has been added to the team.
=> 'Developer69' has been added to the team.
=> 'Developer70' has been added to the team.
=> 'Developer71' has been added to the team.
=> 'Developer72' has been added to the team.
=> 'Developer73' has been added to the team.
=> 'Developer74' has been added to the team.
=> 'Developer75' has been added to the team.
=> 'Developer76' has been added to the team.
=> 'Developer77' has been added to the team.
=> 'Developer78' has been added to the team.
=> 'Developer79' has been added to the team.
=> 'Developer80' has been added to the team.
=> 'Developer81' has been added to the team.
=> 'Developer82' has been added to the team.
=> 'Developer83' has been added to the team.
=> 'Developer84' has been added to the team.
=> 'Developer85' has been added to the team.
=> 'Developer86' has been added to the team.
=> 'Developer87' has been added to the team.
=> 'Developer88' has been added to the team.
=> 'Developer89' has been added to the team.
=> 'Developer90' has been added to the team.
=> 'Developer91' has been added to the team.
=> 'Developer92' has been added to the team.
=> 'Developer93' has been added to the team.
=> 'Developer94' has been added to the team.
=> 'Developer95' has been added to the team.
=> 'Developer96' has been added to the team.
=> 'Developer97' has been added to the team.
=> 'Developer98' has been added to the team.
=> 'Developer99' has been added to the team.
=> 'Developer100' has been added to the team.
=> 'Developer101' has been added to the team.
=> 'Developer102' has been added to the team.
=> 'Developer103' has been added to the team.
=> 'Developer104' has been added to the team.
=> 'Developer105' has been added to the team.
=> 'Developer106' has been added to the team.
=> 'Developer107' has been added to the team.
=> 'Developer108' has been added to the team.
=> 'Developer109' has been added to the team.
=> 'Developer110' has been added to the team.
=> 'Developer111' has been added to the team.
=> 'Developer112' has been added to the team.
=> 'Developer113' has been added to the team.
=> 'Developer114' has been added to the team.
=> 'Developer115' has been added to the team.
=> 'Developer116' has been added to the team.
=> 'Developer117' has been added to the team.
=> 'Developer118' has been added to the team.
=> 'Developer119' has been added to the team.
=> 'Developer120' has been added to the team.
=> 'Developer121' has been added to the team.
=> 'Developer122' has been added to the team.
=> 'Developer123' has been added to the team.
=> 'Developer124' has been added to the team.
=> 'Developer125' has been added to the team.
=> 'Developer126' has been added to the team.
=> 'Developer127' has been added to the team.
=> 'Developer128' has been added to the team.
=> 'Developer129' has been added to the team.
=> 'Developer130' has been added to the team.
=> 'Developer131' has been added to the team.
=> 'Developer132' has been added to the team.
=> 'Developer133' has been added to the team.
=> 'Developer134' has been added to the team.
=> 'Developer135' has been added to the team.
=> 'Developer136' has been added to the team.
=> 'Developer137' has been added to the team.
=> 'Developer138' has been added to the team.
=> 'Developer139' has been added to the team.
=> 'Developer140' has been added to the team.
=> 'Developer141' has been added to the team.
=> 'Developer142' has been added to the team.
=> 'Developer143' has been added to the team.
=> 'Developer144' has been added to the team.
=> 'Developer145' has been added to the team.
=> 'Developer146' has been added to the team.
=> 'Developer147' has been added to the team.
=> 'Developer148' has been added to the team.
=> 'Developer149' has been added to the team.
=> 'Developer150' has been added to the team.
=> 'Developer151' has been added to the team.
=> 'Developer152' has been added to the team.
=> 'Developer153' has been added to the team.
=> 'Developer154' has been added to the team.
=> 'Developer155' has been added to the team.
=> 'Developer156' has been added to the team.
=> 'Developer157' has been added to the team.
=> 'Developer158' has been added to the team.
=> 'Developer159' has been added to the team.
=> 'Developer160' has been added to the team.
=> 'Developer161' has been added to the team.
=> 'Developer162' has been added to the team.
=> 'Developer163' has been added to the team.
=> 'Developer164' has been added to the team.
=> 'Developer165' has been added to the team.
=> 'Developer166' has been added to the team.
=> 'Developer167' has been added to the team.
=> 'Developer168' has been added to the team.
=> 'Developer169' has been added to the team.
=> 'Developer170' has been added to the team.
=> 'Developer171' has been added to the team.
=> 'Developer172' has been added to the team.
=> 'Developer173' has been added to the team.
=> 'Developer174' has been added to the team.
=> 'Developer175' has been added to the team.
=> 'Developer176' has been added to the team.
=> 'Developer177' has been added to the team.
=> 'Developer178' has been added to the team.
=> 'Developer179' has been added to the team.
=> 'Developer180' has been added to the team.
=> 'Developer181' has been added to the team.
=> 'Developer182' has been added to the team.
=> 'Developer183' has been added to the team.
=> 'Developer184' has been added to the team.
=> 'Developer185' has been added to the team.
=> 'Developer186' has been added to the team.
=> 'Developer187' has been added to the team.
=> 'Developer188' has been added to the team.
=> 'Developer189' has been added to the team.
=> 'Developer190' has been added to the team.
=> 'Developer191' has been added to the team.
=> 'Developer192' has been added to the team.
=> 'Developer193' has been added to the team.
=> 'Developer194' has been added to the team.
=> 'Developer195' has been added to the team.
=> 'Developer196' has been added to the team.
=> 'Developer197' has been added to the team.
=> 'Developer198' has been added to the team.
=> 'Developer199' has been added to the team.
=> 'Developer200' has been added to the team.
=> 'Developer201' has been added to the team.
=> 'Developer202' has been added to the team.
=> 'Developer203' has been added to the team.
=> 'Developer204' has been added to the team.
=> 'Developer205' has been added to the team.
=> 'Developer206' has been added to the team.
=> 'Developer207' has been added to the team.
=> 'Developer208' has been added to the team.
=> 'Developer209' has been added to the team.
=> 'Developer210' has been added to the team.
=> 'Developer211' has been added to the team.
=> 'Developer212' has been added to the team.
=> 'Developer213' has been added to the team.
=> 'Developer214' has been added to the team.
=> 'Developer215' has been added to the team.
=> 'Developer216' has been added to the team.
=> 'Developer217' has been added to the team.
=> 'Developer218' has been added to the team.
=> 'Developer219' has been added to the team.
=> 'Developer220' has been added to the team.
=> 'Developer221' has been added to the team.
=> 'Developer222' has been added to the team.
=> 'Developer223' has been added to the team.
=> 'Developer224' has been added to the team.
=> 'Developer225' has been added to the team.
=> 'Developer226' has been added to the team.
=> 'Developer227' has been added to the team.
=> 'Developer228' has been added to the team.
=> 'Developer229' has been added to the team.
=> 'Developer230' has been added to the team.
=> 'Developer231' has been added to the team.
=> 'Developer232' has been added to the team.
=> 'Developer233' has been added to the team.
=> 'Developer234' has been added to the team.
=> 'Developer235' has been added to the team.
=> 'Developer236' has been added to the team.
=> 'Developer237' has been added to the team.
=> 'Developer238' has been added to the team.
=> 'Developer239' has been added to the team.
=> 'Developer240' has been added to the team.
=> 'Developer241' has been added to the team.
=> 'Developer242' has been added to the team.
=> 'Developer243' has been added to the team.
=> 'Developer244' has been added to the team.
=> 'Developer245' has been added to the team.
=> 'Developer246' has been added to the team.
=> 'Developer247' has been added to the team.
=> 'Developer248' has been added to the team.
=> 'Developer249' has been added to the team.
=> 'Developer250' has been added to the team.
=> 'Developer251' has been added to the team.
=> 'Developer252' has been added to the team.
=> 'Developer253' has been added to the team.
=> 'Developer254' has been added to the team.
=> 'Developer255' has been added to the team.
=> 'Developer256' has been added to the team.
=> 'Developer257' has been added to the team.
=> 'Developer258' has been added to the team.
=> 'Developer259' has been added to the team.
=> 'Developer260' has been added to the team.
=> 'Developer261' has been added to the team.
=> 'Developer262' has been added to the team.
=> 'Developer263' has been added to the team.
=> 'Developer264' has been added to the team.
=> 'Developer265' has been added to the team.
=> 'Developer266' has been added to the team.
=> 'Developer267' has been added to the team.
=> 'Developer268' has been added to the team.
=> 'Developer269' has been added to the team.
=> 'Developer270' has been added to the team.
=> 'Developer271' has been added to the team.
=> 'Developer272' has been added to the team.
=> 'Developer273' has been added to the team.
=> 'Developer274' has been added to the team.
=> 'Developer275' has been added to the team.
=> 'Developer276' has been added to the team.
=> 'Developer277' has been added to the team.
=> 'Developer278' has been added to the team.
=> 'Developer279' has been added to the team.
=> 'Developer280' has been added to the team.
=> 'Developer281' has been added to the team.
=> 'Developer282' has been added to the team.
=> 'Developer283' has been added to the team.
=> 'Developer284' has been added to the team.
=> 'Developer285' has been added to the team.
=> 'Developer286' has been added to the team.
=> 'Developer287' has been added to the team.
=> 'Developer288' has been added to the team.
=> 'Developer289' has been added to the team.
=> 'Developer290' has been added to the team.
=> 'Developer291' has been added to the team.
=> 'Developer292' has been added to the team.
=> 'Developer293' has been added to the team.
=> 'Developer294' has been added to the team.
=> 'Developer295' has been added to the team.
=> 'Developer296' has been added to the team.
=> 'Developer297' has been added to the team.
=> 'Developer298' has been added to the team.
=> 'Developer299' has been added to the team.
=> 'Developer300' has been added to the team.
=> 'Developer301' has been added to the team.
=> 'Developer302' has been added to the team.
=> 'Developer303' has been added to the team.
=> 'Developer304' has been added to the team.
=> 'Developer305' has been added to the team.
=> 'Developer306' has been added to the team.
=> 'Developer307' has been added to the team.
=> 'Developer308' has been added to the team.
=> 'Developer309' has been added to the team.
=> 'Developer310' has been added to the team.
=> 'Developer311' has been added to the team.
=> 'Developer312' has been added to the team.
=> 'Developer313' has been added to the team.
=> 'Developer314' has been added to the team.
=> 'Developer315' has been added to the team.
=> 'Developer316' has been added to the team.
=> 'Developer317' has been added to the team.
=> 'Developer318' has been added to the team.
=> 'Developer319' has been added to the team.
=> 'Developer320' has been added to the team.
=> 'Developer321' has been added to the team.
=> 'Developer322' has been added to the team.
=> 'Developer323' has been added to the team.
=> 'Developer324' has been added to the team.
=> 'Developer325' has been added to the team.
=> 'Developer326' has been added to the team.
=> 'Developer327' has been added to the team.
=> 'Developer328' has been added to the team.
=> 'Developer329' has been added to the team.
=> 'Developer330' has been added to the team.
=> 'Developer331' has been added to the team.
=> 'Developer332' has been added to the team.
=> 'Developer333' has been added to the team.
=> 'Developer334' has been added to the team.
=> 'Developer335' has been added to the team.
=> 'Developer336' has been added to the team.
=> 'Developer337' has been added to the team.
=> 'Developer338' has been added to the team.
=> 'Developer339' has been added to the team.
=> 'Developer340' has been added to the team.
=> 'Developer341' has been added to the team.
=> 'Developer342' has been added to the team.
=> 'Developer343' has been added to the team.
=> 'Developer344' has been added to the team.
=> 'Developer345' has been added to the team.
=> 'Developer346' has been added to the team.
=> 'Developer347' has been added to the team.
=> 'Developer348' has been added to the team.
=> 'Developer349' has been added to the team.
=> 'Developer350' has been added to the team.
=> 'Developer351' has been added to the team.
=> 'Developer352' has been added to the team.
=> 'Developer353' has been added to the team.
=> 'Developer354' has been added to the team.
=> 'Developer355' has been added to the team.
=> 'Developer356' has been added to the team.
=> 'Developer357' has been added to the team.
=> 'Developer358' has been added to the team.
=> 'Developer359' has been added to the team.
=> 'Developer360' has been added to the team.
=> 'Developer361' has been added to the team.
=> 'Developer362' has been added to the team.
=> 'Developer363' has been added to the team.
=> 'Developer364' has been added to the team.
=> 'Developer365' has been added to the team.
=> 'Developer366' has been added to the team.
=> 'Developer367' has been added to the team.
=> 'Developer368' has been added to the team.
=> 'Developer369' has been added to the team.
=> 'Developer370' has been added to the team.
=> 'Developer371' has been added to the team.
=> 'Developer372' has been added to the team.
=> 'Developer373' has been added to the team.
=> 'Developer374' has been added to the team.
=> 'Developer375' has been added to the team.
=> 'Developer376' has been added to the team.
=> 'Developer377' has been added to the team.
=> 'Developer378' has been added to the team.
=> 'Developer379' has been added to the team.
=> 'Developer380' has been added to the team.
=> 'Developer381' has been added to the team.
=> 'Developer382' has been added to the team.
=> 'Developer383' has been added to the team.
=> 'Developer384' has been added to the team.
=> 'Developer385' has been added to the team.
=> 'Developer386' has been added to the team.
=> 'Developer387' has been added to the team.
=> 'Developer388' has been added to the team.
=> 'Developer389' has been added to the team.
=> 'Developer390' has been added to the team.
=> 'Developer391' has been added to the team.
=> 'Developer392' has been added to the team.
=> 'Developer393' has been added to the team.
=> 'Developer394' has been added to the team.
=> 'Developer395' has been added to the team.
=> 'Developer396' has been added to the team.
=> 'Developer397' has been added to the team.
=> 'Developer398' has been added to the team.
=> 'Developer399' has been added to the team.
=> 'Developer400' has been added to the team.
=> 'Developer401' has been added to the team.
=> 'Developer402' has been added to the team.
=> 'Developer403' has been added to the team.
=> 'Developer404' has been added to the team.
=> 'Developer405' has been added to the team.
=> 'Developer406' has been added to the team.
=> 'Developer407' has been added to the team.
=> 'Developer408' has been added to the team.
=> 'Developer409' has been added to the team.
=> 'Developer410' has been added to the team.
=> 'Developer411' has been added to the team.
=> 'Developer412' has been added to the team.
=> 'Developer413' has been added to the team.
=> 'Developer414' has been added to the team.
=> 'Developer415' has been added to the team.
=> 'Developer416' has been added to the team.
=> 'Developer417' has been added to the team.
=> 'Developer418' has been added to the team.
=> 'Developer419' has been added to the team.
=> 'Developer420' has been added to the team.
=> 'Developer421' has been added to the team.
=> 'Developer422' has been added to the team.
=> 'Developer423' has been added to the team.
=> 'Developer424' has been added to the team.
=> 'Developer425' has been added to the team.
=> 'Developer426' has been added to the team.
=> 'Developer427' has been added to the team.
=> 'Developer428' has been added to the team.
=> 'Developer429' has been added to the team.
=> 'Developer430' has been added to the team.
=> 'Developer431' has been added to the team.
=> 'Developer432' has been added to the team.
=> 'Developer433' has been added to the team.
=> 'Developer434' has been added to the team.
=> 'Developer435' has been added to the team.
=> 'Developer436' has been added to the team.
=> 'Developer437' has been added to the team.
=> 'Developer438' has been added to the team.
=> 'Developer439' has been added to the team.
=> 'Developer440' has been added to the team.
=> 'Developer441' has been added to the team.
=> 'Developer442' has been added to the team.
=> 'Developer443' has been added to the team.
=> 'Developer444' has been added to the team.
=> 'Developer445' has been added to the team.
=> 'Developer446' has been added to the team.
=> 'Developer447' has been added to the team.
=> 'Developer448' has been added to the team.
=> 'Developer449' has been added to the team.
=> 'Developer450' has been added to the team.
=> 'Developer451' has been added to the team.
=> 'Developer452' has been added to the team.
=> 'Developer453' has been added to the team.
=> 'Developer454' has been added to the team.
=> 'Developer455' has been added to the team.
=> 'Developer456' has been added to the team.
=> 'Developer457' has been added to the team.
=> 'Developer458' has been added to the team.
=> 'Developer459' has been added to the team.
=> 'Developer460' has been added to the team.
=> 'Developer461' has been added to the team.
=> 'Developer462' has been added to the team.
=> 'Developer463' has been added to the team.
=> 'Developer464' has been added to the team.
=> 'Developer465' has been added to the team.
=> 'Developer466' has been added to the team.
=> 'Developer467' has been added to the team.
=> 'Developer468' has been added to the team.
=> 'Developer469' has been added to the team.
=> 'Developer470' has been added to the team.
=> 'Developer471' has been added to the team.
=> 'Developer472' has been added to the team.
=> 'Developer473' has been added to the team.
=> 'Developer474' has been added to the team.
=> 'Developer475' has been added to the team.
=> 'Developer476' has been added to the team.
=> 'Developer477' has been added to the team.
=> 'Developer478' has been added to the team.
=> 'Developer479' has been added to the team.
=> 'Developer480' has been added to the team.
=> 'Developer481' has been added to the team.
=> 'Developer482' has been added to the team.
=> 'Developer483' has been added to the team.
=> 'Developer484' has been added to the team.
=> 'Developer485' has been added to the team.
=> 'Developer486' has been added to the team.
=> 'Developer487' has been added to the team.
=> 'Developer488' has been added to the team.
=> 'Developer489' has been added to the team.
=> 'Developer490' has been added to the team.
=> 'Developer491' has been added to the team.
=> 'Developer492' has been added to the team.
=> 'Developer493' has been added to the team.
=> 'Developer494' has been added to the team.
=> 'Developer495' has been added to the team.
=> 'Developer496' has been added to the team.
=> 'Developer497' has been added to the team.
=> 'Developer498' has been added to the team.
=> 'Developer499' has been added to the team.
=> 'Developer500' has been added to the team.
=> 'Developer501' has been added to the team.
=> 'Developer502' has been added to the team.
=> 'Developer503' has been added to the team.
=> 'Developer504' has been added to the team.
=> 'Developer505' has been added to the team.
=> 'Developer506' has been added to the team.
=> 'Developer507' has been added to the team.
=> 'Developer508' has been added to the team.
=> 'Developer509' has been added to the team.
=> 'Developer510' has been added to the team.
=> 'Developer511' has been added to the team.
=> 'Developer512' has been added to the team.
=> 'Developer513' has been added to the team.
=> 'Developer514' has been added to the team.
=> 'Developer515' has been added to the team.
=> 'Developer516' has been added to the team.
=> 'Developer517' has been added to the team.
=> 'Developer518' has been added to the team.
=> 'Developer519' has been added to the team.
=> 'Developer520' has been added to the team.
=> 'Developer521' has been added to the team.
=> 'Developer522' has been added to the team.
=> 'Developer523' has been added to the team.
=> 'Developer524' has been added to the team.
=> 'Developer525' has been added to the team.
=> 'Developer526' has been added to the team.
=> 'Developer527' has been added to the team.
=> 'Developer528' has been added to the team.
=> 'Developer529' has been added to the team.
=> 'Developer530' has been added to the team.
=> 'Developer531' has been added to the team.
=> 'Developer532' has been added to the team.
=> 'Developer533' has been added to the team.
=> 'Developer534' has been added to the team.
=> 'Developer535' has been added to the team.
=> 'Developer536' has been added to the team.
=> 'Developer537' has been added to the team.
=> 'Developer538' has been added to the team.
=> 'Developer539' has been added to the team.
=> 'Developer540' has been added to the team.
=> 'Developer541' has been added to the team.
=> 'Developer542' has been added to the team.
=> 'Developer543' has been added to the team.
=> 'Developer544' has been added to the team.
=> 'Developer545' has been added to the team.
=> 'Developer546' has been added to the team.
=> 'Developer547' has been added to the team.
=> 'Developer548' has been added to the team.
=> 'Developer549' has been added to the team.
=> 'Developer550' has been added to the team.
=> 'Developer551' has been added to the team.
=> 'Developer552' has been added to the team.
=> 'Developer553' has been added to the team.
=> 'Developer554' has been added to the team.
=> 'Developer555' has been added to the team.
=> 'Developer556' has been added to the team.
=> 'Developer557' has been added to the team.
=> 'Developer558' has been added to the team.
=> 'Developer559' has been added to the team.
=> 'Developer560' has been added to the team.
=> 'Developer561' has been added to the team.
=> 'Developer562' has been added to the team.
=> 'Developer563' has been added to the team.
=> 'Developer564' has been added to the team.
=> 'Developer565' has been added to the team.
=> 'Developer566' has been added to the team.
=> 'Developer567' has been added to the team.
=> 'Developer568' has been added to the team.
=> 'Developer569' has been added to the team.
=> 'Developer570' has been added to the team.
=> 'Developer571' has been added to the team.
=> 'Developer572' has been added to the team.
=> 'Developer573' has been added to the team.
=> 'Developer574' has been added to the team.
=> 'Developer575' has been added to the team.
=> 'Developer576' has been added to the team.
=> 'Developer577' has been added to the team.
=> 'Developer578' has been added to the team.
=> 'Developer579' has been added to the team.
=> 'Developer580' has been added to the team.
=> 'Developer581' has been added to the team.
=> 'Developer582' has been added to the team.
=> 'Developer583' has been added to the team.
=> 'Developer584' has been added to the team.
=> 'Developer585' has been added to the team.
=> 'Developer586' has been added to the team.
=> 'Developer587' has been added to the team.
=> 'Developer588' has been added to the team.
=> 'Developer589' has been added to the team.
=> 'Developer590' has been added to the team.
=> 'Developer591' has been added to the team.
=> 'Developer592' has been added to the team.
=> 'Developer593' has been added to the team.
=> 'Developer594' has been added to the team.
=> 'Developer595' has been added to the team.
=> 'Developer596' has been added to the team.
=> 'Developer597' has been added to the team.
=> 'Developer598' has been added to the team.
=> 'Developer599' has been added to the team.
=> 'Developer600' has been added to the team.
=> 'Developer601' has been added to the team.
=> 'Developer602' has been added to the team.
=> 'Developer603' has been added to the team.
=> 'Developer604' has been added to the team.
=> 'Developer605' has been added to the team.
=> 'Developer606' has been added to the team.
=> 'Developer607' has been added to the team.
=> 'Developer608' has been added to the team.
=> 'Developer609' has been added to the team.
=> 'Developer610' has been added to the team.
=> 'Developer611' has been added to the team.
=> 'Developer612' has been added to the team.
=> 'Developer613' has been added to the team.
=> 'Developer614' has been added to the team.
=> 'Developer615' has been added to the team.
=> 'Developer616' has been added to the team.
=> 'Developer617' has been added to the team.
=> 'Developer618' has been added to the team.
=> 'Developer619' has been added to the team.
=> 'Developer620' has been added to the team.
=> 'Developer621' has been added to the team.
=> 'Developer622' has been added to the team.
=> 'Developer623' has been added to the team.
=> 'Developer624' has been added to the team.
=> 'Developer625' has been added to the team.
=> 'Developer626' has been added to the team.
=> 'Developer627' has been added to the team.
=> 'Developer628' has been added to the team.
=> 'Developer629' has been added to the team.
=> 'Developer630' has been added to the team.
=> 'Developer631' has been added to the team.
=> 'Developer632' has been added to the team.
=> 'Developer633' has been added to the team.
=> 'Developer634' has been added to the team.
=> 'Developer635' has been added to the team.
=> 'Developer636' has been added to the team.
=> 'Developer637' has been added to the team.
=> 'Developer638' has been added to the team.
=> 'Developer639' has been added to the team.
=> 'Developer640' has been added to the team.
=> 'Developer641' has been added to the team.
=> 'Developer642' has been added to the team.
=> 'Developer643' has been added to the team.
=> 'Developer644' has been added to the team.
=> 'Developer645' has been added to the team.
=> 'Developer646' has been added to the team.
=> 'Developer647' has been added to the team.
=> 'Developer648' has been added to the team.
=> 'Developer649' has been added to the team.
=> 'Developer650' has been added to the team.
=> 'Developer651' has been added to the team.
=> 'Developer652' has been added to the team.
=> 'Developer653' has been added to the team.
=> 'Developer654' has been added to the team.
=> 'Developer655' has been added to the team.
=> 'Developer656' has been added to the team.
=> 'Developer657' has been added to the team.
=> 'Developer658' has been added to the team.
=> 'Developer659' has been added to the team.
=> 'Developer660' has been added to the team.
=> 'Developer661' has been added to the team.
=> 'Developer662' has been added to the team.
=> 'Developer663' has been added to the team.
=> 'Developer664' has been added to the team.
=> 'Developer665' has been added to the team.
=> 'Developer666' has been added to the team.
=> 'Developer667' has been added to the team.
=> 'Developer668' has been added to the team.
=> 'Developer669' has been added to the team.
=> 'Developer670' has been added to the team.
=> 'Developer671' has been added to the team.
=> 'Developer672' has been added to the team.
=> 'Developer673' has been added to the team.
=> 'Developer674' has been added to the team.
=> 'Developer675' has been added to the team.
=> 'Developer676' has been added to the team.
=> 'Developer677' has been added to the team.
=> 'Developer678' has been added to the team.
=> 'Developer679' has been added to the team.
=> 'Developer680' has been added to the team.
=> 'Developer681' has been added to the team.
=> 'Developer682' has been added to the team.
=> 'Developer683' has been added to the team.
=> 'Developer684' has been added to the team.
=> 'Developer685' has been added to the team.
=> 'Developer686' has been added to the team.
=> 'Developer687' has been added to the team.
=> 'Developer688' has been added to the team.
=> 'Developer689' has been added to the team.
=> 'Developer690' has been added to the team.
=> 'Developer691' has been added to the team.
=> 'Developer692' has been added to the team.
=> 'Developer693' has been added to the team.
=> 'Developer694' has been added to the team.
=> 'Developer695' has been added to the team.
=> 'Developer696' has been added to the team.
=> 'Developer697' has been added to the team.
=> 'Developer698' has been added to the team.
=> 'Developer699' has been added to the team.
=> 'Developer700' has been added to the team.
=> 'Developer701' has been added to the team.
=> 'Developer702' has been added to the team.
=> 'Developer703' has been added to the team.
=> 'Developer704' has been added to the team.
=> 'Developer705' has been added to the team.
=> 'Developer706' has been added to the team.
=> 'Developer707' has been added to the team.
=> 'Developer708' has been added to the team.
=> 'Developer709' has been added to the team.
=> 'Developer710' has been added to the team.
=> 'Developer711' has been added to the team.
=> 'Developer712' has been added to the team.
=> 'Developer713' has been added to the team.
=> 'Developer714' has been added to the team.
=> 'Developer715' has been added to the team.
=> 'Developer716' has been added to the team.
=> 'Developer717' has been added to the team.
=> 'Developer718' has been added to the team.
=> 'Developer719' has been added to the team.
=> 'Developer720' has been added to the team.
=> 'Developer721' has been added to the team.
=> 'Developer722' has been added to the team.
=> 'Developer723' has been added to the team.
=> 'Developer724' has been added to the team.
=> 'Developer725' has been added to the team.
=> 'Developer726' has been added to the team.
=> 'Developer727' has been added to the team.
=> 'Developer728' has been added to the team.
=> 'Developer729' has been added to the team.
=> 'Developer730' has been added to the team.
=> 'Developer731' has been added to the team.
=> 'Developer732' has been added to the team.
=> 'Developer733' has been added to the team.
=> 'Developer734' has been added to the team.
=> 'Developer735' has been added to the team.
=> 'Developer736' has been added to the team.
=> 'Developer737' has been added to the team.
=> 'Developer738' has been added to the team.
=> 'Developer739' has been added to the team.
=> 'Developer740' has been added to the team.
=> 'Developer741' has been added to the team.
=> 'Developer742' has been added to the team.
=> 'Developer743' has been added to the team.
=> 'Developer744' has been added to the team.
=> 'Developer745' has been added to the team.
=> 'Developer746' has been added to the team.
=> 'Developer747' has been added to the team.
=> 'Developer748' has been added to the team.
=> 'Developer749' has been added to the team.
=> 'Developer750' has been added to the team.
=> 'Developer751' has been added to the team.
=> 'Developer752' has been added to the team.
=> 'Developer753' has been added to the team.
=> 'Developer754' has been added to the team.
=> 'Developer755' has been added to the team.
=> 'Developer756' has been added to the team.
=> 'Developer757' has been added to the team.
=> 'Developer758' has been added to the team.
=> 'Developer759' has been added to the team.
=> 'Developer760' has been added to the team.
=> 'Developer761' has been added to the team.
=> 'Developer762' has been added to the team.
=> 'Developer763' has been added to the team.
=> 'Developer764' has been added to the team.
=> 'Developer765' has been added to the team.
=> 'Developer766' has been added to the team.
=> 'Developer767' has been added to the team.
=> 'Developer768' has been added to the team.
=> 'Developer769' has been added to the team.
=> 'Developer770' has been added to the team.
=> 'Developer771' has been added to the team.
=> 'Developer772' has been added to the team.
=> 'Developer773' has been added to the team.
=> 'Developer774' has been added to the team.
=> 'Developer775' has been added to the team.
=> 'Developer776' has been added to the team.
=> 'Developer777' has been added to the team.
=> 'Developer778' has been added to the team.
=> 'Developer779' has been added to the team.
=> 'Developer780' has been added to the team.
=> 'Developer781' has been added to the team.
=> 'Developer782' has been added to the team.
=> 'Developer783' has been added to the team.
=> 'Developer784' has been added to the team.
=> 'Developer785' has been added to the team.
=> 'Developer786' has been added to the team.
=> 'Developer787' has been added to the team.
=> 'Developer788' has been added to the team.
=> 'Developer789' has been added to the team.
=> 'Developer790' has been added to the team.
=> 'Developer791' has been added to the team.
=> 'Developer792' has been added to the team.
=> 'Developer793' has been added to the team.
=> 'Developer794' has been added to the team.
=> 'Developer795' has been added to the team.
=> 'Developer796' has been added to the team.
=> 'Developer797' has been added to the team.
=> 'Developer798' has been added to the team.
=> 'Developer799' has been added to the team.
=> 'Developer800' has been added to the team.
=> 'Developer801' has been added to the team.
=> 'Developer802' has been added to the team.
=> 'Developer803' has been added to the team.
=> 'Developer804' has been added to the team.
=> 'Developer805' has been added to the team.
=> 'Developer806' has been added to the team.
=> 'Developer807' has been added to the team.
=> 'Developer808' has been added to the team.
=> 'Developer809' has been added to the team.
=> 'Developer810' has been added to the team.
=> 'Developer811' has been added to the team.
=> 'Developer812' has been added to the team.
=> 'Developer813' has been added to the team.
=> 'Developer814' has been added to the team.
=> 'Developer815' has been added to the team.
=> 'Developer816' has been added to the team.
=> 'Developer817' has been added to the team.
=> 'Developer818' has been added to the team.
=> 'Developer819' has been added to the team.
=> 'Developer820' has been added to the team.
=> 'Developer821' has been added to the team.
=> 'Developer822' has been added to the team.
=> 'Developer823' has been added to the team.
=> 'Developer824' has been added to the team.
=> 'Developer825' has been added to the team.
=> 'Developer826' has been added to the team.
=> 'Developer827' has been added to the team.
=> 'Developer828' has been added to the team.
=> 'Developer829' has been added to the team.
=> 'Developer830' has been added to the team.
=> 'Developer831' has been added to the team.
=> 'Developer832' has been added to the team.
=> 'Developer833' has been added to the team.
=> 'Developer834' has been added to the team.
=> 'Developer835' has been added to the team.
=> 'Developer836' has been added to the team.
=> 'Developer837' has been added to the team.
=> 'Developer838' has been added to the team.
=> 'Developer839' has been added to the team.
=> 'Developer840' has been added to the team.
=> 'Developer841' has been added to the team.
=> 'Developer842' has been added to the team.
=> 'Developer843' has been added to the team.
=> 'Developer844' has been added to the team.
=> 'Developer845' has been added to the team.
=> 'Developer846' has been added to the team.
=> 'Developer847' has been added to the team.
=> 'Developer848' has been added to the team.
=> 'Developer849' has been added to the team.
=> 'Developer850' has been added to the team.
=> 'Developer851' has been added to the team.
=> 'Developer852' has been added to the team.
=> 'Developer853' has been added to the team.
=> 'Developer854' has been added to the team.
=> 'Developer855' has been added to the team.
=> 'Developer856' has been added to the team.
=> 'Developer857' has been added to the team.
=> 'Developer858' has been added to the team.
=> 'Developer859' has been added to the team.
=> 'Developer860' has been added to the team.
=> 'Developer861' has been added to the team.
=> 'Developer862' has been added to the team.
=> 'Developer863' has been added to the team.
=> 'Developer864' has been added to the team.
=> 'Developer865' has been added to the team.
=> 'Developer866' has been added to the team.
=> 'Developer867' has been added to the team.
=> 'Developer868' has been added to the team.
=> 'Developer869' has been added to the team.
=> 'Developer870' has been added to the team.
=> 'Developer871' has been added to the team.
=> 'Developer872' has been added to the team.
=> 'Developer873' has been added to the team.
=> 'Developer874' has been added to the team.
=> 'Developer875' has been added to the team.
=> 'Developer876' has been added to the team.
=> 'Developer877' has been added to the team.
=> 'Developer878' has been added to the team.
=> 'Developer879' has been added to the team.
=> 'Developer880' has been added to the team.
=> 'Developer881' has been added to the team.
=> 'Developer882' has been added to the team.
=> 'Developer883' has been added to the team.
=> 'Developer884' has been added to the team.
=> 'Developer885' has been added to the team.
=> 'Developer886' has been added to the team.
=> 'Developer887' has been added to the team.
=> 'Developer888' has been added to the team.
=> 'Developer889' has been added to the team.
=> 'Developer890' has been added to the team.
=> 'Developer891' has been added to the team.
=> 'Developer892' has been added to the team.
=> 'Developer893' has been added to the team.
=> 'Developer894' has been added to the team.
=> 'Developer895' has been added to the team.
=> 'Developer896' has been added to the team.
=> 'Developer897' has been added to the team.
=> 'Developer898' has been added to the team.
=> 'Developer899' has been added to the team.
=> 'Developer900' has been added to the team.
=> 'Developer901' has been added to the team.
=> 'Developer902' has been added to the team.
=> 'Developer903' has been added to the team.
=> 'Developer904' has been added to the team.
=> 'Developer905' has been added to the team.
=> 'Developer906' has been added to the team.
=> 'Developer907' has been added to the team.
=> 'Developer908' has been added to the team.
=> 'Developer909' has been added to the team.
=> 'Developer910' has been added to the team.
=> 'Developer911' has been added to the team.
=> 'Developer912' has been added to the team.
=> 'Developer913' has been added to the team.
=> 'Developer914' has been added to the team.
=> 'Developer915' has been added to the team.
=> 'Developer916' has been added to the team.
=> 'Developer917' has been added to the team.
=> 'Developer918' has been added to the team.
=> 'Developer919' has been added to the team.
=> 'Developer920' has been added to the team.
=> 'Developer921' has been added to the team.
=> 'Developer922' has been added to the team.
=> 'Developer923' has been added to the team.
=> 'Developer924' has been added to the team.
=> 'Developer925' has been added to the team.
=> 'Developer926' has been added to the team.
=> 'Developer927' has been added to the team.
=> 'Developer928' has been added to the team.
=> 'Developer929' has been added to the team.
=> 'Developer930' has been added to the team.
=> 'Developer931' has been added to the team.
=> 'Developer932' has been added to the team.
=> 'Developer933' has been added to the team.
=> 'Developer934' has been added to the team.
=> 'Developer935' has been added to the team.
=> 'Developer936' has been added to the team.
=> 'Developer937' has been added to the team.
=> 'Developer938' has been added to the team.
=> 'Developer939' has been added to the team.
=> 'Developer940' has been added to the team.
=> 'Developer941' has been added to the team.
=> 'Developer942' has been added to the team.
=> 'Developer943' has been added to the team.
=> 'Developer944' has been added to the team.
=> 'Developer945' has been added to the team.
=> 'Developer946' has been added to the team.
=> 'Developer947' has been added to the team.
=> 'Developer948' has been added to the team.
=> 'Developer949' has been added to the team.
=> 'Developer950' has been added to the team.
=> 'Developer951' has been added to the team.
=> 'Developer952' has been added to the team.
=> 'Developer953' has been added to the team.
=> 'Developer954' has been added to the team.
=> 'Developer955' has been added to the team.
=> 'Developer956' has been added to the team.
=> 'Developer957' has been added to the team.
=> 'Developer958' has been added to the team.
=> 'Developer959' has been added to the team.
=> 'Developer960' has been added to the team.
=> 'Developer961' has been added to the team.
=> 'Developer962' has been added to the team.
=> 'Developer963' has been added to the team.
=> 'Developer964' has been added to the team.
=> 'Developer965' has been added to the team.
=> 'Developer966' has been added to the team.
=> 'Developer967' has been added to the team.
=> 'Developer968' has been added to the team.
=> 'Developer969' has been added to the team.
=> 'Developer970' has been added to the team.
=> 'Developer971' has been added to the team.
=> 'Developer972' has been added to the team.
=> 'Developer973' has been added to the team.
=> 'Developer974' has been added to the team.
=> 'Developer975' has been added to the team.
=> 'Developer976' has been added to the team.
=> 'Developer977' has been added to the team.
=> 'Developer978' has been added to the team.
=> 'Developer979' has been added to the team.
=> 'Developer980' has been added to the team.
=> 'Developer981' has been added to the team.
=> 'Developer982' has been added to the team.
=> 'Developer983' has been added to the team.
=> 'Developer984' has been added to the team.
=> 'Developer985' has been added to the team.
=> 'Developer986' has been added to the team.
=> 'Developer987' has been added to the team.
=> 'Developer988' has been added to the team.
=> 'Developer989' has been added to the team.
=> 'Developer990' has been added to the team.
=> 'Developer991' has been added to the team.
=> 'Developer992' has been added to the team.
=> 'Developer993' has been added to the team.
=> 'Developer994' has been added to the team.
=> 'Developer995' has been added to the team.
=> 'Developer996' has been added to the team.
=> 'Developer997' has been added to the team.
=> 'Developer998' has been added to the team.
=> 'Developer999' has been added to the team.
=> New Task ID: 1 || Description: Complex Task 1 || Developer: Developer1 || Priority: 2 || Dependency on TaskId: []
=> New Task ID: 2 || Description: Complex Task 2 || Developer: Developer2 || Priority: 3 || Dependency on TaskId: [3]
=> New Task ID: 3 || Description: Complex Task 3 || Developer: Developer3 || Priority: 4 || Dependency on TaskId: [4]
=> New Task ID: 4 || Description: Complex Task 4 || Developer: Developer4 || Priority: 5 || Dependency on TaskId: [5]
=> New Task ID: 5 || Description: Complex Task 5 || Developer: Developer5 || Priority: 1 || Dependency on TaskId: [6]
=> New Task ID: 6 || Description: Complex Task 6 || Developer: Developer6 || Priority: 2 || Dependency on TaskId: [7]
=> New Task ID: 7 || Description: Complex Task 7 || Developer: Developer7 || Priority: 3 || Dependency on TaskId: [8]
=> New Task ID: 8 || Description: Complex Task 8 || Developer: Developer8 || Priority: 4 || Dependency on TaskId: [9]
=> New Task ID: 9 || Description: Complex Task 9 || Developer: Developer9 || Priority: 5 || Dependency on TaskId: [10]
=> New Task ID: 10 || Description: Complex Task 10 || Developer: Developer10 || Priority: 1 || Dependency on TaskId: [11]
=> New Task ID: 11 || Description: Complex Task 11 || Developer: Developer11 || Priority: 2 || Dependency on TaskId: [12]
=> New Task ID: 12 || Description: Complex Task 12 || Developer: Developer12 || Priority: 3 || Dependency on TaskId: [13]
=> New Task ID: 13 || Description: Complex Task 13 || Developer: Developer13 || Priority: 4 || Dependency on TaskId: [14]
=> New Task ID: 14 || Description: Complex Task 14 || Developer: Developer14 || Priority: 5 || Dependency on TaskId: [15]
=> New Task ID: 15 || Description: Complex Task 15 || Developer: Developer15 || Priority: 1 || Dependency on TaskId: [16]
=> New Task ID: 16 || Description: Complex Task 16 || Developer: Developer16 || Priority: 2 || Dependency on TaskId: [17]
=> New Task ID: 17 || Description: Complex Task 17 || Developer: Developer17 || Priority: 3 || Dependency on TaskId: [18]
=> New Task ID: 18 || Description: Complex Task 18 || Developer: Developer18 || Priority: 4 || Dependency on TaskId: [19]
=> New Task ID: 19 || Description: Complex Task 19 || Developer: Developer19 || Priority: 5 || Dependency on TaskId: [20]
=> New Task ID: 20 || Description: Complex Task 20 || Developer: Developer20 || Priority: 1 || Dependency on TaskId: [21]
=> New Task ID: 21 || Description: Complex Task 21 || Developer: Developer21 || Priority: 2 || Dependency on TaskId: [22]
=> New Task ID: 22 || Description: Complex Task 22 || Developer: Developer22 || Priority: 3 || Dependency on TaskId: [23]
=> New Task ID: 23 || Description: Complex Task 23 || Developer: Developer23 || Priority: 4 || Dependency on TaskId: [24]
=> New Task ID: 24 || Description: Complex Task 24 || Developer: Developer24 || Priority: 5 || Dependency on TaskId: [25]
=> New Task ID: 25 || Description: Complex Task 25 || Developer: Developer25 || Priority: 1 || Dependency on TaskId: [26]
=> New Task ID: 26 || Description: Complex Task 26 || Developer: Developer26 || Priority: 2 || Dependency on TaskId: [27]
=> New Task ID: 27 || Description: Complex Task 27 || Developer: Developer27 || Priority: 3 || Dependency on TaskId: [28]
=> New Task ID: 28 || Description: Complex Task 28 || Developer: Developer28 || Priority: 4 || Dependency on TaskId: [29]
=> New Task ID: 29 || Description: Complex Task 29 || Developer: Developer29 || Priority: 5 || Dependency on TaskId: [30]
=> New Task ID: 30 || Description: Complex Task 30 || Developer: Developer30 || Priority: 1 || Dependency on TaskId: [31]
=> New Task ID: 31 || Description: Complex Task 31 || Developer: Developer31 || Priority: 2 || Dependency on TaskId: [32]
=> New Task ID: 32 || Description: Complex Task 32 || Developer: Developer32 || Priority: 3 || Dependency on TaskId: [33]
=> New Task ID: 33 || Description: Complex Task 33 || Developer: Developer33 || Priority: 4 || Dependency on TaskId: [34]
=> New Task ID: 34 || Description: Complex Task 34 || Developer: Developer34 || Priority: 5 || Dependency on TaskId: [35]
=> New Task ID: 35 || Description: Complex Task 35 || Developer: Developer35 || Priority: 1 || Dependency on TaskId: [36]
=> New Task ID: 36 || Description: Complex Task 36 || Developer: Developer36 || Priority: 2 || Dependency on TaskId: [37]
=> New Task ID: 37 || Description: Complex Task 37 || Developer: Developer37 || Priority: 3 || Dependency on TaskId: [38]
=> New Task ID: 38 || Description: Complex Task 38 || Developer: Developer38 || Priority: 4 || Dependency on TaskId: [39]
=> New Task ID: 39 || Description: Complex Task 39 || Developer: Developer39 || Priority: 5 || Dependency on TaskId: [40]
=> New Task ID: 40 || Description: Complex Task 40 || Developer: Developer40 || Priority: 1 || Dependency on TaskId: [41]
=> New Task ID: 41 || Description: Complex Task 41 || Developer: Developer41 || Priority: 2 || Dependency on TaskId: [42]
=> New Task ID: 42 || Description: Complex Task 42 || Developer: Developer42 || Priority: 3 || Dependency on TaskId: [43]
=> New Task ID: 43 || Description: Complex Task 43 || Developer: Developer43 || Priority: 4 || Dependency on TaskId: [44]
=> New Task ID: 44 || Description: Complex Task 44 || Developer: Developer44 || Priority: 5 || Dependency on TaskId: [45]
=> New Task ID: 45 || Description: Complex Task 45 || Developer: Developer45 || Priority: 1 || Dependency on TaskId: [46]
=> New Task ID: 46 || Description: Complex Task 46 || Developer: Developer46 || Priority: 2 || Dependency on TaskId: [47]
=> New Task ID: 47 || Description: Complex Task 47 || Developer: Developer47 || Priority: 3 || Dependency on TaskId: [48]
=> New Task ID: 48 || Description: Complex Task 48 || Developer: Developer48 || Priority: 4 || Dependency on TaskId: [49]
=> New Task ID: 49 || Description: Complex Task 49 || Developer: Developer49 || Priority: 5 || Dependency on TaskId: [50]
=> New Task ID: 50 || Description: Complex Task 50 || Developer: Developer50 || Priority: 1 || Dependency on TaskId: [51]
=> New Task ID: 51 || Description: Complex Task 51 || Developer: Developer51 || Priority: 2 || Dependency on TaskId: [52]
=> New Task ID: 52 || Description: Complex Task 52 || Developer: Developer52 || Priority: 3 || Dependency on TaskId: [53]
=> New Task ID: 53 || Description: Complex Task 53 || Developer: Developer53 || Priority: 4 || Dependency on TaskId: [54]
=> New Task ID: 54 || Description: Complex Task 54 || Developer: Developer54 || Priority: 5 || Dependency on TaskId: [55]
=> New Task ID: 55 || Description: Complex Task 55 || Developer: Developer55 || Priority: 1 || Dependency on TaskId: [56]
=> New Task ID: 56 || Description: Complex Task 56 || Developer: Developer56 || Priority: 2 || Dependency on TaskId: [57]
=> New Task ID: 57 || Description: Complex Task 57 || Developer: Developer57 || Priority: 3 || Dependency on TaskId: [58]
=> New Task ID: 58 || Description: Complex Task 58 || Developer: Developer58 || Priority: 4 || Dependency on TaskId: [59]
=> New Task ID: 59 || Description: Complex Task 59 || Developer: Developer59 || Priority: 5 || Dependency on TaskId: [60]
=> New Task ID: 60 || Description: Complex Task 60 || Developer: Developer60 || Priority: 1 || Dependency on TaskId: [61]
=> New Task ID: 61 || Description: Complex Task 61 || Developer: Developer61 || Priority: 2 || Dependency on TaskId: [62]
=> New Task ID: 62 || Description: Complex Task 62 || Developer: Developer62 || Priority: 3 || Dependency on TaskId: [63]
=> New Task ID: 63 || Description: Complex Task 63 || Developer: Developer63 || Priority: 4 || Dependency on TaskId: [64]
=> New Task ID: 64 || Description: Complex Task 64 || Developer: Developer64 || Priority: 5 || Dependency on TaskId: [65]
=> New Task ID: 65 || Description: Complex Task 65 || Developer: Developer65 || Priority: 1 || Dependency on TaskId: [66]
=> New Task ID: 66 || Description: Complex Task 66 || Developer: Developer66 || Priority: 2 || Dependency on TaskId: [67]
=> New Task ID: 67 || Description: Complex Task 67 || Developer: Developer67 || Priority: 3 || Dependency on TaskId: [68]
=> New Task ID: 68 || Description: Complex Task 68 || Developer: Developer68 || Priority: 4 || Dependency on TaskId: [69]
=> New Task ID: 69 || Description: Complex Task 69 || Developer: Developer69 || Priority: 5 || Dependency on TaskId: [70]
=> New Task ID: 70 || Description: Complex Task 70 || Developer: Developer70 || Priority: 1 || Dependency on TaskId: [71]
=> New Task ID: 71 || Description: Complex Task 71 || Developer: Developer71 || Priority: 2 || Dependency on TaskId: [72]
=> New Task ID: 72 || Description: Complex Task 72 || Developer: Developer72 || Priority: 3 || Dependency on TaskId: [73]
=> New Task ID: 73 || Description: Complex Task 73 || Developer: Developer73 || Priority: 4 || Dependency on TaskId: [74]
=> New Task ID: 74 || Description: Complex Task 74 || Developer: Developer74 || Priority: 5 || Dependency on TaskId: [75]
=> New Task ID: 75 || Description: Complex Task 75 || Developer: Developer75 || Priority: 1 || Dependency on TaskId: [76]
=> New Task ID: 76 || Description: Complex Task 76 || Developer: Developer76 || Priority: 2 || Dependency on TaskId: [77]
=> New Task ID: 77 || Description: Complex Task 77 || Developer: Developer77 || Priority: 3 || Dependency on TaskId: [78]
=> New Task ID: 78 || Description: Complex Task 78 || Developer: Developer78 || Priority: 4 || Dependency on TaskId: [79]
=> New Task ID: 79 || Description: Complex Task 79 || Developer: Developer79 || Priority: 5 || Dependency on TaskId: [80]
=> New Task ID: 80 || Description: Complex Task 80 || Developer: Developer80 || Priority: 1 || Dependency on TaskId: [81]
=> New Task ID: 81 || Description: Complex Task 81 || Developer: Developer81 || Priority: 2 || Dependency on TaskId: [82]
=> New Task ID: 82 || Description: Complex Task 82 || Developer: Developer82 || Priority: 3 || Dependency on TaskId: [83]
=> New Task ID: 83 || Description: Complex Task 83 || Developer: Developer83 || Priority: 4 || Dependency on TaskId: [84]
=> New Task ID: 84 || Description: Complex Task 84 || Developer: Developer84 || Priority: 5 || Dependency on TaskId: [85]
=> New Task ID: 85 || Description: Complex Task 85 || Developer: Developer85 || Priority: 1 || Dependency on TaskId: [86]
=> New Task ID: 86 || Description: Complex Task 86 || Developer: Developer86 || Priority: 2 || Dependency on TaskId: [87]
=> New Task ID: 87 || Description: Complex Task 87 || Developer: Developer87 || Priority: 3 || Dependency on TaskId: [88]
=> New Task ID: 88 || Description: Complex Task 88 || Developer: Developer88 || Priority: 4 || Dependency on TaskId: [89]
=> New Task ID: 89 || Description: Complex Task 89 || Developer: Developer89 || Priority: 5 || Dependency on TaskId: [90]
=> New Task ID: 90 || Description: Complex Task 90 || Developer: Developer90 || Priority: 1 || Dependency on TaskId: [91]
=> New Task ID: 91 || Description: Complex Task 91 || Developer: Developer91 || Priority: 2 || Dependency on TaskId: [92]
=> New Task ID: 92 || Description: Complex Task 92 || Developer: Developer92 || Priority: 3 || Dependency on TaskId: [93]
=> New Task ID: 93 || Description: Complex Task 93 || Developer: Developer93 || Priority: 4 || Dependency on TaskId: [94]
=> New Task ID: 94 || Description: Complex Task 94 || Developer: Developer94 || Priority: 5 || Dependency on TaskId: [95]
=> New Task ID: 95 || Description: Complex Task 95 || Developer: Developer95 || Priority: 1 || Dependency on TaskId: [96]
=> New Task ID: 96 || Description: Complex Task 96 || Developer: Developer96 || Priority: 2 || Dependency on TaskId: [97]
=> New Task ID: 97 || Description: Complex Task 97 || Developer: Developer97 || Priority: 3 || Dependency on TaskId: [98]
=> New Task ID: 98 || Description: Complex Task 98 || Developer: Developer98 || Priority: 4 || Dependency on TaskId: [99]
=> New Task ID: 99 || Description: Complex Task 99 || Developer: Developer99 || Priority: 5 || Dependency on TaskId: [100]
=> New Task ID: 100 || Description: Complex Task 100 || Developer: Developer100 || Priority: 1 || Dependency on TaskId: [101]
=> New Task ID: 101 || Description: Complex Task 101 || Developer: Developer101 || Priority: 2 || Dependency on TaskId: [102]
=> New Task ID: 102 || Description: Complex Task 102 || Developer: Developer102 || Priority: 3 || Dependency on TaskId: [103]
=> New Task ID: 103 || Description: Complex Task 103 || Developer: Developer103 || Priority: 4 || Dependency on TaskId: [104]
=> New Task ID: 104 || Description: Complex Task 104 || Developer: Developer104 || Priority: 5 || Dependency on TaskId: [105]
=> New Task ID: 105 || Description: Complex Task 105 || Developer: Developer105 || Priority: 1 || Dependency on TaskId: [106]
=> New Task ID: 106 || Description: Complex Task 106 || Developer: Developer106 || Priority: 2 || Dependency on TaskId: [107]
=> New Task ID: 107 || Description: Complex Task 107 || Developer: Developer107 || Priority: 3 || Dependency on TaskId: [108]
=> New Task ID: 108 || Description: Complex Task 108 || Developer: Developer108 || Priority: 4 || Dependency on TaskId: [109]
=> New Task ID: 109 || Description: Complex Task 109 || Developer: Developer109 || Priority: 5 || Dependency on TaskId: [110]
=> New Task ID: 110 || Description: Complex Task 110 || Developer: Developer110 || Priority: 1 || Dependency on TaskId: [111]
=> New Task ID: 111 || Description: Complex Task 111 || Developer: Developer111 || Priority: 2 || Dependency on TaskId: [112]
=> New Task ID: 112 || Description: Complex Task 112 || Developer: Developer112 || Priority: 3 || Dependency on TaskId: [113]
=> New Task ID: 113 || Description: Complex Task 113 || Developer: Developer113 || Priority: 4 || Dependency on TaskId: [114]
=> New Task ID: 114 || Description: Complex Task 114 || Developer: Developer114 || Priority: 5 || Dependency on TaskId: [115]
=> New Task ID: 115 || Description: Complex Task 115 || Developer: Developer115 || Priority: 1 || Dependency on TaskId: [116]
=> New Task ID: 116 || Description: Complex Task 116 || Developer: Developer116 || Priority: 2 || Dependency on TaskId: [117]
=> New Task ID: 117 || Description: Complex Task 117 || Developer: Developer117 || Priority: 3 || Dependency on TaskId: [118]
=> New Task ID: 118 || Description: Complex Task 118 || Developer: Developer118 || Priority: 4 || Dependency on TaskId: [119]
=> New Task ID: 119 || Description: Complex Task 119 || Developer: Developer119 || Priority: 5 || Dependency on TaskId: [120]
=> New Task ID: 120 || Description: Complex Task 120 || Developer: Developer120 || Priority: 1 || Dependency on TaskId: [121]
=> New Task ID: 121 || Description: Complex Task 121 || Developer: Developer121 || Priority: 2 || Dependency on TaskId: [122]
=> New Task ID: 122 || Description: Complex Task 122 || Developer: Developer122 || Priority: 3 || Dependency on TaskId: [123]
=> New Task ID: 123 || Description: Complex Task 123 || Developer: Developer123 || Priority: 4 || Dependency on TaskId: [124]
=> New Task ID: 124 || Description: Complex Task 124 || Developer: Developer124 || Priority: 5 || Dependency on TaskId: [125]
=> New Task ID: 125 || Description: Complex Task 125 || Developer: Developer125 || Priority: 1 || Dependency on TaskId: [126]
=> New Task ID: 126 || Description: Complex Task 126 || Developer: Developer126 || Priority: 2 || Dependency on TaskId: [127]
=> New Task ID: 127 || Description: Complex Task 127 || Developer: Developer127 || Priority: 3 || Dependency on TaskId: [128]
=> New Task ID: 128 || Description: Complex Task 128 || Developer: Developer128 || Priority: 4 || Dependency on TaskId: [129]
=> New Task ID: 129 || Description: Complex Task 129 || Developer: Developer129 || Priority: 5 || Dependency on TaskId: [130]
=> New Task ID: 130 || Description: Complex Task 130 || Developer: Developer130 || Priority: 1 || Dependency on TaskId: [131]
=> New Task ID: 131 || Description: Complex Task 131 || Developer: Developer131 || Priority: 2 || Dependency on TaskId: [132]
=> New Task ID: 132 || Description: Complex Task 132 || Developer: Developer132 || Priority: 3 || Dependency on TaskId: [133]
=> New Task ID: 133 || Description: Complex Task 133 || Developer: Developer133 || Priority: 4 || Dependency on TaskId: [134]
=> New Task ID: 134 || Description: Complex Task 134 || Developer: Developer134 || Priority: 5 || Dependency on TaskId: [135]
=> New Task ID: 135 || Description: Complex Task 135 || Developer: Developer135 || Priority: 1 || Dependency on TaskId: [136]
=> New Task ID: 136 || Description: Complex Task 136 || Developer: Developer136 || Priority: 2 || Dependency on TaskId: [137]
=> New Task ID: 137 || Description: Complex Task 137 || Developer: Developer137 || Priority: 3 || Dependency on TaskId: [138]
=> New Task ID: 138 || Description: Complex Task 138 || Developer: Developer138 || Priority: 4 || Dependency on TaskId: [139]
=> New Task ID: 139 || Description: Complex Task 139 || Developer: Developer139 || Priority: 5 || Dependency on TaskId: [140]
=> New Task ID: 140 || Description: Complex Task 140 || Developer: Developer140 || Priority: 1 || Dependency on TaskId: [141]
=> New Task ID: 141 || Description: Complex Task 141 || Developer: Developer141 || Priority: 2 || Dependency on TaskId: [142]
=> New Task ID: 142 || Description: Complex Task 142 || Developer: Developer142 || Priority: 3 || Dependency on TaskId: [143]
=> New Task ID: 143 || Description: Complex Task 143 || Developer: Developer143 || Priority: 4 || Dependency on TaskId: [144]
=> New Task ID: 144 || Description: Complex Task 144 || Developer: Developer144 || Priority: 5 || Dependency on TaskId: [145]
=> New Task ID: 145 || Description: Complex Task 145 || Developer: Developer145 || Priority: 1 || Dependency on TaskId: [146]
=> New Task ID: 146 || Description: Complex Task 146 || Developer: Developer146 || Priority: 2 || Dependency on TaskId: [147]
=> New Task ID: 147 || Description: Complex Task 147 || Developer: Developer147 || Priority: 3 || Dependency on TaskId: [148]
=> New Task ID: 148 || Description: Complex Task 148 || Developer: Developer148 || Priority: 4 || Dependency on TaskId: [149]
=> New Task ID: 149 || Description: Complex Task 149 || Developer: Developer149 || Priority: 5 || Dependency on TaskId: [150]
=> New Task ID: 150 || Description: Complex Task 150 || Developer: Developer150 || Priority: 1 || Dependency on TaskId: [151]
=> New Task ID: 151 || Description: Complex Task 151 || Developer: Developer151 || Priority: 2 || Dependency on TaskId: [152]
=> New Task ID: 152 || Description: Complex Task 152 || Developer: Developer152 || Priority: 3 || Dependency on TaskId: [153]
=> New Task ID: 153 || Description: Complex Task 153 || Developer: Developer153 || Priority: 4 || Dependency on TaskId: [154]
=> New Task ID: 154 || Description: Complex Task 154 || Developer: Developer154 || Priority: 5 || Dependency on TaskId: [155]
=> New Task ID: 155 || Description: Complex Task 155 || Developer: Developer155 || Priority: 1 || Dependency on TaskId: [156]
=> New Task ID: 156 || Description: Complex Task 156 || Developer: Developer156 || Priority: 2 || Dependency on TaskId: [157]
=> New Task ID: 157 || Description: Complex Task 157 || Developer: Developer157 || Priority: 3 || Dependency on TaskId: [158]
=> New Task ID: 158 || Description: Complex Task 158 || Developer: Developer158 || Priority: 4 || Dependency on TaskId: [159]
=> New Task ID: 159 || Description: Complex Task 159 || Developer: Developer159 || Priority: 5 || Dependency on TaskId: [160]
=> New Task ID: 160 || Description: Complex Task 160 || Developer: Developer160 || Priority: 1 || Dependency on TaskId: [161]
=> New Task ID: 161 || Description: Complex Task 161 || Developer: Developer161 || Priority: 2 || Dependency on TaskId: [162]
=> New Task ID: 162 || Description: Complex Task 162 || Developer: Developer162 || Priority: 3 || Dependency on TaskId: [163]
=> New Task ID: 163 || Description: Complex Task 163 || Developer: Developer163 || Priority: 4 || Dependency on TaskId: [164]
=> New Task ID: 164 || Description: Complex Task 164 || Developer: Developer164 || Priority: 5 || Dependency on TaskId: [165]
=> New Task ID: 165 || Description: Complex Task 165 || Developer: Developer165 || Priority: 1 || Dependency on TaskId: [166]
=> New Task ID: 166 || Description: Complex Task 166 || Developer: Developer166 || Priority: 2 || Dependency on TaskId: [167]
=> New Task ID: 167 || Description: Complex Task 167 || Developer: Developer167 || Priority: 3 || Dependency on TaskId: [168]
=> New Task ID: 168 || Description: Complex Task 168 || Developer: Developer168 || Priority: 4 || Dependency on TaskId: [169]
=> New Task ID: 169 || Description: Complex Task 169 || Developer: Developer169 || Priority: 5 || Dependency on TaskId: [170]
=> New Task ID: 170 || Description: Complex Task 170 || Developer: Developer170 || Priority: 1 || Dependency on TaskId: [171]
=> New Task ID: 171 || Description: Complex Task 171 || Developer: Developer171 || Priority: 2 || Dependency on TaskId: [172]
=> New Task ID: 172 || Description: Complex Task 172 || Developer: Developer172 || Priority: 3 || Dependency on TaskId: [173]
=> New Task ID: 173 || Description: Complex Task 173 || Developer: Developer173 || Priority: 4 || Dependency on TaskId: [174]
=> New Task ID: 174 || Description: Complex Task 174 || Developer: Developer174 || Priority: 5 || Dependency on TaskId: [175]
=> New Task ID: 175 || Description: Complex Task 175 || Developer: Developer175 || Priority: 1 || Dependency on TaskId: [176]
=> New Task ID: 176 || Description: Complex Task 176 || Developer: Developer176 || Priority: 2 || Dependency on TaskId: [177]
=> New Task ID: 177 || Description: Complex Task 177 || Developer: Developer177 || Priority: 3 || Dependency on TaskId: [178]
=> New Task ID: 178 || Description: Complex Task 178 || Developer: Developer178 || Priority: 4 || Dependency on TaskId: [179]
=> New Task ID: 179 || Description: Complex Task 179 || Developer: Developer179 || Priority: 5 || Dependency on TaskId: [180]
=> New Task ID: 180 || Description: Complex Task 180 || Developer: Developer180 || Priority: 1 || Dependency on TaskId: [181]
=> New Task ID: 181 || Description: Complex Task 181 || Developer: Developer181 || Priority: 2 || Dependency on TaskId: [182]
=> New Task ID: 182 || Description: Complex Task 182 || Developer: Developer182 || Priority: 3 || Dependency on TaskId: [183]
=> New Task ID: 183 || Description: Complex Task 183 || Developer: Developer183 || Priority: 4 || Dependency on TaskId: [184]
=> New Task ID: 184 || Description: Complex Task 184 || Developer: Developer184 || Priority: 5 || Dependency on TaskId: [185]
=> New Task ID: 185 || Description: Complex Task 185 || Developer: Developer185 || Priority: 1 || Dependency on TaskId: [186]
=> New Task ID: 186 || Description: Complex Task 186 || Developer: Developer186 || Priority: 2 || Dependency on TaskId: [187]
=> New Task ID: 187 || Description: Complex Task 187 || Developer: Developer187 || Priority: 3 || Dependency on TaskId: [188]
=> New Task ID: 188 || Description: Complex Task 188 || Developer: Developer188 || Priority: 4 || Dependency on TaskId: [189]
=> New Task ID: 189 || Description: Complex Task 189 || Developer: Developer189 || Priority: 5 || Dependency on TaskId: [190]
=> New Task ID: 190 || Description: Complex Task 190 || Developer: Developer190 || Priority: 1 || Dependency on TaskId: [191]
=> New Task ID: 191 || Description: Complex Task 191 || Developer: Developer191 || Priority: 2 || Dependency on TaskId: [192]
=> New Task ID: 192 || Description: Complex Task 192 || Developer: Developer192 || Priority: 3 || Dependency on TaskId: [193]
=> New Task ID: 193 || Description: Complex Task 193 || Developer: Developer193 || Priority: 4 || Dependency on TaskId: [194]
=> New Task ID: 194 || Description: Complex Task 194 || Developer: Developer194 || Priority: 5 || Dependency on TaskId: [195]
=> New Task ID: 195 || Description: Complex Task 195 || Developer: Developer195 || Priority: 1 || Dependency on TaskId: [196]
=> New Task ID: 196 || Description: Complex Task 196 || Developer: Developer196 || Priority: 2 || Dependency on TaskId: [197]
=> New Task ID: 197 || Description: Complex Task 197 || Developer: Developer197 || Priority: 3 || Dependency on TaskId: [198]
=> New Task ID: 198 || Description: Complex Task 198 || Developer: Developer198 || Priority: 4 || Dependency on TaskId: [199]
=> New Task ID: 199 || Description: Complex Task 199 || Developer: Developer199 || Priority: 5 || Dependency on TaskId: [200]
=> New Task ID: 200 || Description: Complex Task 200 || Developer: Developer200 || Priority: 1 || Dependency on TaskId: [201]
=> New Task ID: 201 || Description: Complex Task 201 || Developer: Developer201 || Priority: 2 || Dependency on TaskId: [202]
=> New Task ID: 202 || Description: Complex Task 202 || Developer: Developer202 || Priority: 3 || Dependency on TaskId: [203]
=> New Task ID: 203 || Description: Complex Task 203 || Developer: Developer203 || Priority: 4 || Dependency on TaskId: [204]
=> New Task ID: 204 || Description: Complex Task 204 || Developer: Developer204 || Priority: 5 || Dependency on TaskId: [205]
=> New Task ID: 205 || Description: Complex Task 205 || Developer: Developer205 || Priority: 1 || Dependency on TaskId: [206]
=> New Task ID: 206 || Description: Complex Task 206 || Developer: Developer206 || Priority: 2 || Dependency on TaskId: [207]
=> New Task ID: 207 || Description: Complex Task 207 || Developer: Developer207 || Priority: 3 || Dependency on TaskId: [208]
=> New Task ID: 208 || Description: Complex Task 208 || Developer: Developer208 || Priority: 4 || Dependency on TaskId: [209]
=> New Task ID: 209 || Description: Complex Task 209 || Developer: Developer209 || Priority: 5 || Dependency on TaskId: [210]
=> New Task ID: 210 || Description: Complex Task 210 || Developer: Developer210 || Priority: 1 || Dependency on TaskId: [211]
=> New Task ID: 211 || Description: Complex Task 211 || Developer: Developer211 || Priority: 2 || Dependency on TaskId: [212]
=> New Task ID: 212 || Description: Complex Task 212 || Developer: Developer212 || Priority: 3 || Dependency on TaskId: [213]
=> New Task ID: 213 || Description: Complex Task 213 || Developer: Developer213 || Priority: 4 || Dependency on TaskId: [214]
=> New Task ID: 214 || Description: Complex Task 214 || Developer: Developer214 || Priority: 5 || Dependency on TaskId: [215]
=> New Task ID: 215 || Description: Complex Task 215 || Developer: Developer215 || Priority: 1 || Dependency on TaskId: [216]
=> New Task ID: 216 || Description: Complex Task 216 || Developer: Developer216 || Priority: 2 || Dependency on TaskId: [217]
=> New Task ID: 217 || Description: Complex Task 217 || Developer: Developer217 || Priority: 3 || Dependency on TaskId: [218]
=> New Task ID: 218 || Description: Complex Task 218 || Developer: Developer218 || Priority: 4 || Dependency on TaskId: [219]
=> New Task ID: 219 || Description: Complex Task 219 || Developer: Developer219 || Priority: 5 || Dependency on TaskId: [220]
=> New Task ID: 220 || Description: Complex Task 220 || Developer: Developer220 || Priority: 1 || Dependency on TaskId: [221]
=> New Task ID: 221 || Description: Complex Task 221 || Developer: Developer221 || Priority: 2 || Dependency on TaskId: [222]
=> New Task ID: 222 || Description: Complex Task 222 || Developer: Developer222 || Priority: 3 || Dependency on TaskId: [223]
=> New Task ID: 223 || Description: Complex Task 223 || Developer: Developer223 || Priority: 4 || Dependency on TaskId: [224]
=> New Task ID: 224 || Description: Complex Task 224 || Developer: Developer224 || Priority: 5 || Dependency on TaskId: [225]
=> New Task ID: 225 || Description: Complex Task 225 || Developer: Developer225 || Priority: 1 || Dependency on TaskId: [226]
=> New Task ID: 226 || Description: Complex Task 226 || Developer: Developer226 || Priority: 2 || Dependency on TaskId: [227]
=> New Task ID: 227 || Description: Complex Task 227 || Developer: Developer227 || Priority: 3 || Dependency on TaskId: [228]
=> New Task ID: 228 || Description: Complex Task 228 || Developer: Developer228 || Priority: 4 || Dependency on TaskId: [229]
=> New Task ID: 229 || Description: Complex Task 229 || Developer: Developer229 || Priority: 5 || Dependency on TaskId: [230]
=> New Task ID: 230 || Description: Complex Task 230 || Developer: Developer230 || Priority: 1 || Dependency on TaskId: [231]
=> New Task ID: 231 || Description: Complex Task 231 || Developer: Developer231 || Priority: 2 || Dependency on TaskId: [232]
=> New Task ID: 232 || Description: Complex Task 232 || Developer: Developer232 || Priority: 3 || Dependency on TaskId: [233]
=> New Task ID: 233 || Description: Complex Task 233 || Developer: Developer233 || Priority: 4 || Dependency on TaskId: [234]
=> New Task ID: 234 || Description: Complex Task 234 || Developer: Developer234 || Priority: 5 || Dependency on TaskId: [235]
=> New Task ID: 235 || Description: Complex Task 235 || Developer: Developer235 || Priority: 1 || Dependency on TaskId: [236]
=> New Task ID: 236 || Description: Complex Task 236 || Developer: Developer236 || Priority: 2 || Dependency on TaskId: [237]
=> New Task ID: 237 || Description: Complex Task 237 || Developer: Developer237 || Priority: 3 || Dependency on TaskId: [238]
=> New Task ID: 238 || Description: Complex Task 238 || Developer: Developer238 || Priority: 4 || Dependency on TaskId: [239]
=> New Task ID: 239 || Description: Complex Task 239 || Developer: Developer239 || Priority: 5 || Dependency on TaskId: [240]
=> New Task ID: 240 || Description: Complex Task 240 || Developer: Developer240 || Priority: 1 || Dependency on TaskId: [241]
=> New Task ID: 241 || Description: Complex Task 241 || Developer: Developer241 || Priority: 2 || Dependency on TaskId: [242]
=> New Task ID: 242 || Description: Complex Task 242 || Developer: Developer242 || Priority: 3 || Dependency on TaskId: [243]
=> New Task ID: 243 || Description: Complex Task 243 || Developer: Developer243 || Priority: 4 || Dependency on TaskId: [244]
=> New Task ID: 244 || Description: Complex Task 244 || Developer: Developer244 || Priority: 5 || Dependency on TaskId: [245]
=> New Task ID: 245 || Description: Complex Task 245 || Developer: Developer245 || Priority: 1 || Dependency on TaskId: [246]
=> New Task ID: 246 || Description: Complex Task 246 || Developer: Developer246 || Priority: 2 || Dependency on TaskId: [247]
=> New Task ID: 247 || Description: Complex Task 247 || Developer: Developer247 || Priority: 3 || Dependency on TaskId: [248]
=> New Task ID: 248 || Description: Complex Task 248 || Developer: Developer248 || Priority: 4 || Dependency on TaskId: [249]
=> New Task ID: 249 || Description: Complex Task 249 || Developer: Developer249 || Priority: 5 || Dependency on TaskId: [250]
=> New Task ID: 250 || Description: Complex Task 250 || Developer: Developer250 || Priority: 1 || Dependency on TaskId: [251]
=> New Task ID: 251 || Description: Complex Task 251 || Developer: Developer251 || Priority: 2 || Dependency on TaskId: [252]
=> New Task ID: 252 || Description: Complex Task 252 || Developer: Developer252 || Priority: 3 || Dependency on TaskId: [253]
=> New Task ID: 253 || Description: Complex Task 253 || Developer: Developer253 || Priority: 4 || Dependency on TaskId: [254]
=> New Task ID: 254 || Description: Complex Task 254 || Developer: Developer254 || Priority: 5 || Dependency on TaskId: [255]
=> New Task ID: 255 || Description: Complex Task 255 || Developer: Developer255 || Priority: 1 || Dependency on TaskId: [256]
=> New Task ID: 256 || Description: Complex Task 256 || Developer: Developer256 || Priority: 2 || Dependency on TaskId: [257]
=> New Task ID: 257 || Description: Complex Task 257 || Developer: Developer257 || Priority: 3 || Dependency on TaskId: [258]
=> New Task ID: 258 || Description: Complex Task 258 || Developer: Developer258 || Priority: 4 || Dependency on TaskId: [259]
=> New Task ID: 259 || Description: Complex Task 259 || Developer: Developer259 || Priority: 5 || Dependency on TaskId: [260]
=> New Task ID: 260 || Description: Complex Task 260 || Developer: Developer260 || Priority: 1 || Dependency on TaskId: [261]
=> New Task ID: 261 || Description: Complex Task 261 || Developer: Developer261 || Priority: 2 || Dependency on TaskId: [262]
=> New Task ID: 262 || Description: Complex Task 262 || Developer: Developer262 || Priority: 3 || Dependency on TaskId: [263]
=> New Task ID: 263 || Description: Complex Task 263 || Developer: Developer263 || Priority: 4 || Dependency on TaskId: [264]
=> New Task ID: 264 || Description: Complex Task 264 || Developer: Developer264 || Priority: 5 || Dependency on TaskId: [265]
=> New Task ID: 265 || Description: Complex Task 265 || Developer: Developer265 || Priority: 1 || Dependency on TaskId: [266]
=> New Task ID: 266 || Description: Complex Task 266 || Developer: Developer266 || Priority: 2 || Dependency on TaskId: [267]
=> New Task ID: 267 || Description: Complex Task 267 || Developer: Developer267 || Priority: 3 || Dependency on TaskId: [268]
=> New Task ID: 268 || Description: Complex Task 268 || Developer: Developer268 || Priority: 4 || Dependency on TaskId: [269]
=> New Task ID: 269 || Description: Complex Task 269 || Developer: Developer269 || Priority: 5 || Dependency on TaskId: [270]
=> New Task ID: 270 || Description: Complex Task 270 || Developer: Developer270 || Priority: 1 || Dependency on TaskId: [271]
[...]
=> New Task ID: 4848 || Description: Complex Task 4848 || Developer: Developer848 || Priority: 4 || Dependency on TaskId: [4849]
=> New Task ID: 4849 || Description: Complex Task 4849 || Developer: Developer849 || Priority: 5 || Dependency on TaskId: [4850]
=> New Task ID: 4850 || Description: Complex Task 4850 || Developer: Developer850 || Priority: 1 || Dependency on TaskId: [4851]
=> New Task ID: 4851 || Description: Complex Task 4851 || Developer: Developer851 || Priority: 2 || Dependency on TaskId: [4852]
=> New Task ID: 4852 || Description: Complex Task 4852 || Developer: Developer852 || Priority: 3 || Dependency on TaskId: [4853]
=> New Task ID: 4853 || Description: Complex Task 4853 || Developer: Developer853 || Priority: 4 || Dependency on TaskId: [4854]
=> New Task ID: 4854 || Description: Complex Task 4854 || Developer: Developer854 || Priority: 5 || Dependency on TaskId: [4855]
=> New Task ID: 4855 || Description: Complex Task 4855 || Developer: Developer855 || Priority: 1 || Dependency on TaskId: [4856]
=> New Task ID: 4856 || Description: Complex Task 4856 || Developer: Developer856 || Priority: 2 || Dependency on TaskId: [4857]
=> New Task ID: 4857 || Description: Complex Task 4857 || Developer: Developer857 || Priority: 3 || Dependency on TaskId: [4858]
=> New Task ID: 4858 || Description: Complex Task 4858 || Developer: Developer858 || Priority: 4 || Dependency on TaskId: [4859]
=> New Task ID: 4859 || Description: Complex Task 4859 || Developer: Developer859 || Priority: 5 || Dependency on TaskId: [4860]
=> New Task ID: 4860 || Description: Complex Task 4860 || Developer: Developer860 || Priority: 1 || Dependency on TaskId: [4861]
=> New Task ID: 4861 || Description: Complex Task 4861 || Developer: Developer861 || Priority: 2 || Dependency on TaskId: [4862]
=> New Task ID: 4862 || Description: Complex Task 4862 || Developer: Developer862 || Priority: 3 || Dependency on TaskId: [4863]
=> New Task ID: 4863 || Description: Complex Task 4863 || Developer: Developer863 || Priority: 4 || Dependency on TaskId: [4864]
=> New Task ID: 4864 || Description: Complex Task 4864 || Developer: Developer864 || Priority: 5 || Dependency on TaskId: [4865]
=> New Task ID: 4865 || Description: Complex Task 4865 || Developer: Developer865 || Priority: 1 || Dependency on TaskId: [4866]
=> New Task ID: 4866 || Description: Complex Task 4866 || Developer: Developer866 || Priority: 2 || Dependency on TaskId: [4867]
=> New Task ID: 4867 || Description: Complex Task 4867 || Developer: Developer867 || Priority: 3 || Dependency on TaskId: [4868]
=> New Task ID: 4868 || Description: Complex Task 4868 || Developer: Developer868 || Priority: 4 || Dependency on TaskId: [4869]
=> New Task ID: 4869 || Description: Complex Task 4869 || Developer: Developer869 || Priority: 5 || Dependency on TaskId: [4870]
=> New Task ID: 4870 || Description: Complex Task 4870 || Developer: Developer870 || Priority: 1 || Dependency on TaskId: [4871]
=> New Task ID: 4871 || Description: Complex Task 4871 || Developer: Developer871 || Priority: 2 || Dependency on TaskId: [4872]
=> New Task ID: 4872 || Description: Complex Task 4872 || Developer: Developer872 || Priority: 3 || Dependency on TaskId: [4873]
=> New Task ID: 4873 || Description: Complex Task 4873 || Developer: Developer873 || Priority: 4 || Dependency on TaskId: [4874]
=> New Task ID: 4874 || Description: Complex Task 4874 || Developer: Developer874 || Priority: 5 || Dependency on TaskId: [4875]
=> New Task ID: 4875 || Description: Complex Task 4875 || Developer: Developer875 || Priority: 1 || Dependency on TaskId: [4876]
=> New Task ID: 4876 || Description: Complex Task 4876 || Developer: Developer876 || Priority: 2 || Dependency on TaskId: [4877]
=> New Task ID: 4877 || Description: Complex Task 4877 || Developer: Developer877 || Priority: 3 || Dependency on TaskId: [4878]
=> New Task ID: 4878 || Description: Complex Task 4878 || Developer: Developer878 || Priority: 4 || Dependency on TaskId: [4879]
=> New Task ID: 4879 || Description: Complex Task 4879 || Developer: Developer879 || Priority: 5 || Dependency on TaskId: [4880]
=> New Task ID: 4880 || Description: Complex Task 4880 || Developer: Developer880 || Priority: 1 || Dependency on TaskId: [4881]
=> New Task ID: 4881 || Description: Complex Task 4881 || Developer: Developer881 || Priority: 2 || Dependency on TaskId: [4882]
=> New Task ID: 4882 || Description: Complex Task 4882 || Developer: Developer882 || Priority: 3 || Dependency on TaskId: [4883]
=> New Task ID: 4883 || Description: Complex Task 4883 || Developer: Developer883 || Priority: 4 || Dependency on TaskId: [4884]
=> New Task ID: 4884 || Description: Complex Task 4884 || Developer: Developer884 || Priority: 5 || Dependency on TaskId: [4885]
=> New Task ID: 4885 || Description: Complex Task 4885 || Developer: Developer885 || Priority: 1 || Dependency on TaskId: [4886]
=> New Task ID: 4886 || Description: Complex Task 4886 || Developer: Developer886 || Priority: 2 || Dependency on TaskId: [4887]
=> New Task ID: 4887 || Description: Complex Task 4887 || Developer: Developer887 || Priority: 3 || Dependency on TaskId: [4888]
=> New Task ID: 4888 || Description: Complex Task 4888 || Developer: Developer888 || Priority: 4 || Dependency on TaskId: [4889]
=> New Task ID: 4889 || Description: Complex Task 4889 || Developer: Developer889 || Priority: 5 || Dependency on TaskId: [4890]
=> New Task ID: 4890 || Description: Complex Task 4890 || Developer: Developer890 || Priority: 1 || Dependency on TaskId: [4891]
=> New Task ID: 4891 || Description: Complex Task 4891 || Developer: Developer891 || Priority: 2 || Dependency on TaskId: [4892]
=> New Task ID: 4892 || Description: Complex Task 4892 || Developer: Developer892 || Priority: 3 || Dependency on TaskId: [4893]
=> New Task ID: 4893 || Description: Complex Task 4893 || Developer: Developer893 || Priority: 4 || Dependency on TaskId: [4894]
=> New Task ID: 4894 || Description: Complex Task 4894 || Developer: Developer894 || Priority: 5 || Dependency on TaskId: [4895]
=> New Task ID: 4895 || Description: Complex Task 4895 || Developer: Developer895 || Priority: 1 || Dependency on TaskId: [4896]
=> New Task ID: 4896 || Description: Complex Task 4896 || Developer: Developer896 || Priority: 2 || Dependency on TaskId: [4897]
=> New Task ID: 4897 || Description: Complex Task 4897 || Developer: Developer897 || Priority: 3 || Dependency on TaskId: [4898]
=> New Task ID: 4898 || Description: Complex Task 4898 || Developer: Developer898 || Priority: 4 || Dependency on TaskId: [4899]
=> New Task ID: 4899 || Description: Complex Task 4899 || Developer: Developer899 || Priority: 5 || Dependency on TaskId: [4900]
=> New Task ID: 4900 || Description: Complex Task 4900 || Developer: Developer900 || Priority: 1 || Dependency on TaskId: [4901]
=> New Task ID: 4901 || Description: Complex Task 4901 || Developer: Developer901 || Priority: 2 || Dependency on TaskId: [4902]
=> New Task ID: 4902 || Description: Complex Task 4902 || Developer: Developer902 || Priority: 3 || Dependency on TaskId: [4903]
=> New Task ID: 4903 || Description: Complex Task 4903 || Developer: Developer903 || Priority: 4 || Dependency on TaskId: [4904]
=> New Task ID: 4904 || Description: Complex Task 4904 || Developer: Developer904 || Priority: 5 || Dependency on TaskId: [4905]
=> New Task ID: 4905 || Description: Complex Task 4905 || Developer: Developer905 || Priority: 1 || Dependency on TaskId: [4906]
=> New Task ID: 4906 || Description: Complex Task 4906 || Developer: Developer906 || Priority: 2 || Dependency on TaskId: [4907]
=> New Task ID: 4907 || Description: Complex Task 4907 || Developer: Developer907 || Priority: 3 || Dependency on TaskId: [4908]
=> New Task ID: 4908 || Description: Complex Task 4908 || Developer: Developer908 || Priority: 4 || Dependency on TaskId: [4909]
=> New Task ID: 4909 || Description: Complex Task 4909 || Developer: Developer909 || Priority: 5 || Dependency on TaskId: [4910]
=> New Task ID: 4910 || Description: Complex Task 4910 || Developer: Developer910 || Priority: 1 || Dependency on TaskId: [4911]
=> New Task ID: 4911 || Description: Complex Task 4911 || Developer: Developer911 || Priority: 2 || Dependency on TaskId: [4912]
=> New Task ID: 4912 || Description: Complex Task 4912 || Developer: Developer912 || Priority: 3 || Dependency on TaskId: [4913]
=> New Task ID: 4913 || Description: Complex Task 4913 || Developer: Developer913 || Priority: 4 || Dependency on TaskId: [4914]
=> New Task ID: 4914 || Description: Complex Task 4914 || Developer: Developer914 || Priority: 5 || Dependency on TaskId: [4915]
=> New Task ID: 4915 || Description: Complex Task 4915 || Developer: Developer915 || Priority: 1 || Dependency on TaskId: [4916]
=> New Task ID: 4916 || Description: Complex Task 4916 || Developer: Developer916 || Priority: 2 || Dependency on TaskId: [4917]
=> New Task ID: 4917 || Description: Complex Task 4917 || Developer: Developer917 || Priority: 3 || Dependency on TaskId: [4918]
=> New Task ID: 4918 || Description: Complex Task 4918 || Developer: Developer918 || Priority: 4 || Dependency on TaskId: [4919]
=> New Task ID: 4919 || Description: Complex Task 4919 || Developer: Developer919 || Priority: 5 || Dependency on TaskId: [4920]
=> New Task ID: 4920 || Description: Complex Task 4920 || Developer: Developer920 || Priority: 1 || Dependency on TaskId: [4921]
=> New Task ID: 4921 || Description: Complex Task 4921 || Developer: Developer921 || Priority: 2 || Dependency on TaskId: [4922]
=> New Task ID: 4922 || Description: Complex Task 4922 || Developer: Developer922 || Priority: 3 || Dependency on TaskId: [4923]
=> New Task ID: 4923 || Description: Complex Task 4923 || Developer: Developer923 || Priority: 4 || Dependency on TaskId: [4924]
=> New Task ID: 4924 || Description: Complex Task 4924 || Developer: Developer924 || Priority: 5 || Dependency on TaskId: [4925]
=> New Task ID: 4925 || Description: Complex Task 4925 || Developer: Developer925 || Priority: 1 || Dependency on TaskId: [4926]
=> New Task ID: 4926 || Description: Complex Task 4926 || Developer: Developer926 || Priority: 2 || Dependency on TaskId: [4927]
=> New Task ID: 4927 || Description: Complex Task 4927 || Developer: Developer927 || Priority: 3 || Dependency on TaskId: [4928]
=> New Task ID: 4928 || Description: Complex Task 4928 || Developer: Developer928 || Priority: 4 || Dependency on TaskId: [4929]
=> New Task ID: 4929 || Description: Complex Task 4929 || Developer: Developer929 || Priority: 5 || Dependency on TaskId: [4930]
=> New Task ID: 4930 || Description: Complex Task 4930 || Developer: Developer930 || Priority: 1 || Dependency on TaskId: [4931]
=> New Task ID: 4931 || Description: Complex Task 4931 || Developer: Developer931 || Priority: 2 || Dependency on TaskId: [4932]
=> New Task ID: 4932 || Description: Complex Task 4932 || Developer: Developer932 || Priority: 3 || Dependency on TaskId: [4933]
=> New Task ID: 4933 || Description: Complex Task 4933 || Developer: Developer933 || Priority: 4 || Dependency on TaskId: [4934]
=> New Task ID: 4934 || Description: Complex Task 4934 || Developer: Developer934 || Priority: 5 || Dependency on TaskId: [4935]
=> New Task ID: 4935 || Description: Complex Task 4935 || Developer: Developer935 || Priority: 1 || Dependency on TaskId: [4936]
=> New Task ID: 4936 || Description: Complex Task 4936 || Developer: Developer936 || Priority: 2 || Dependency on TaskId: [4937]
=> New Task ID: 4937 || Description: Complex Task 4937 || Developer: Developer937 || Priority: 3 || Dependency on TaskId: [4938]
=> New Task ID: 4938 || Description: Complex Task 4938 || Developer: Developer938 || Priority: 4 || Dependency on TaskId: [4939]
=> New Task ID: 4939 || Description: Complex Task 4939 || Developer: Developer939 || Priority: 5 || Dependency on TaskId: [4940]
=> New Task ID: 4940 || Description: Complex Task 4940 || Developer: Developer940 || Priority: 1 || Dependency on TaskId: [4941]
=> New Task ID: 4941 || Description: Complex Task 4941 || Developer: Developer941 || Priority: 2 || Dependency on TaskId: [4942]
=> New Task ID: 4942 || Description: Complex Task 4942 || Developer: Developer942 || Priority: 3 || Dependency on TaskId: [4943]
=> New Task ID: 4943 || Description: Complex Task 4943 || Developer: Developer943 || Priority: 4 || Dependency on TaskId: [4944]
=> New Task ID: 4944 || Description: Complex Task 4944 || Developer: Developer944 || Priority: 5 || Dependency on TaskId: [4945]
=> New Task ID: 4945 || Description: Complex Task 4945 || Developer: Developer945 || Priority: 1 || Dependency on TaskId: [4946]
=> New Task ID: 4946 || Description: Complex Task 4946 || Developer: Developer946 || Priority: 2 || Dependency on TaskId: [4947]
=> New Task ID: 4947 || Description: Complex Task 4947 || Developer: Developer947 || Priority: 3 || Dependency on TaskId: [4948]
=> New Task ID: 4948 || Description: Complex Task 4948 || Developer: Developer948 || Priority: 4 || Dependency on TaskId: [4949]
=> New Task ID: 4949 || Description: Complex Task 4949 || Developer: Developer949 || Priority: 5 || Dependency on TaskId: [4950]
=> New Task ID: 4950 || Description: Complex Task 4950 || Developer: Developer950 || Priority: 1 || Dependency on TaskId: [4951]
=> New Task ID: 4951 || Description: Complex Task 4951 || Developer: Developer951 || Priority: 2 || Dependency on TaskId: [4952]
=> New Task ID: 4952 || Description: Complex Task 4952 || Developer: Developer952 || Priority: 3 || Dependency on TaskId: [4953]
=> New Task ID: 4953 || Description: Complex Task 4953 || Developer: Developer953 || Priority: 4 || Dependency on TaskId: [4954]
=> New Task ID: 4954 || Description: Complex Task 4954 || Developer: Developer954 || Priority: 5 || Dependency on TaskId: [4955]
=> New Task ID: 4955 || Description: Complex Task 4955 || Developer: Developer955 || Priority: 1 || Dependency on TaskId: [4956]
=> New Task ID: 4956 || Description: Complex Task 4956 || Developer: Developer956 || Priority: 2 || Dependency on TaskId: [4957]
=> New Task ID: 4957 || Description: Complex Task 4957 || Developer: Developer957 || Priority: 3 || Dependency on TaskId: [4958]
=> New Task ID: 4958 || Description: Complex Task 4958 || Developer: Developer958 || Priority: 4 || Dependency on TaskId: [4959]
=> New Task ID: 4959 || Description: Complex Task 4959 || Developer: Developer959 || Priority: 5 || Dependency on TaskId: [4960]
=> New Task ID: 4960 || Description: Complex Task 4960 || Developer: Developer960 || Priority: 1 || Dependency on TaskId: [4961]
=> New Task ID: 4961 || Description: Complex Task 4961 || Developer: Developer961 || Priority: 2 || Dependency on TaskId: [4962]
=> New Task ID: 4962 || Description: Complex Task 4962 || Developer: Developer962 || Priority: 3 || Dependency on TaskId: [4963]
=> New Task ID: 4963 || Description: Complex Task 4963 || Developer: Developer963 || Priority: 4 || Dependency on TaskId: [4964]
=> New Task ID: 4964 || Description: Complex Task 4964 || Developer: Developer964 || Priority: 5 || Dependency on TaskId: [4965]
=> New Task ID: 4965 || Description: Complex Task 4965 || Developer: Developer965 || Priority: 1 || Dependency on TaskId: [4966]
=> New Task ID: 4966 || Description: Complex Task 4966 || Developer: Developer966 || Priority: 2 || Dependency on TaskId: [4967]
=> New Task ID: 4967 || Description: Complex Task 4967 || Developer: Developer967 || Priority: 3 || Dependency on TaskId: [4968]
=> New Task ID: 4968 || Description: Complex Task 4968 || Developer: Developer968 || Priority: 4 || Dependency on TaskId: [4969]
=> New Task ID: 4969 || Description: Complex Task 4969 || Developer: Developer969 || Priority: 5 || Dependency on TaskId: [4970]
=> New Task ID: 4970 || Description: Complex Task 4970 || Developer: Developer970 || Priority: 1 || Dependency on TaskId: [4971]
=> New Task ID: 4971 || Description: Complex Task 4971 || Developer: Developer971 || Priority: 2 || Dependency on TaskId: [4972]
=> New Task ID: 4972 || Description: Complex Task 4972 || Developer: Developer972 || Priority: 3 || Dependency on TaskId: [4973]
=> New Task ID: 4973 || Description: Complex Task 4973 || Developer: Developer973 || Priority: 4 || Dependency on TaskId: [4974]
=> New Task ID: 4974 || Description: Complex Task 4974 || Developer: Developer974 || Priority: 5 || Dependency on TaskId: [4975]
=> New Task ID: 4975 || Description: Complex Task 4975 || Developer: Developer975 || Priority: 1 || Dependency on TaskId: [4976]
=> New Task ID: 4976 || Description: Complex Task 4976 || Developer: Developer976 || Priority: 2 || Dependency on TaskId: [4977]
=> New Task ID: 4977 || Description: Complex Task 4977 || Developer: Developer977 || Priority: 3 || Dependency on TaskId: [4978]
=> New Task ID: 4978 || Description: Complex Task 4978 || Developer: Developer978 || Priority: 4 || Dependency on TaskId: [4979]
=> New Task ID: 4979 || Description: Complex Task 4979 || Developer: Developer979 || Priority: 5 || Dependency on TaskId: [4980]
=> New Task ID: 4980 || Description: Complex Task 4980 || Developer: Developer980 || Priority: 1 || Dependency on TaskId: [4981]
=> New Task ID: 4981 || Description: Complex Task 4981 || Developer: Developer981 || Priority: 2 || Dependency on TaskId: [4982]
=> New Task ID: 4982 || Description: Complex Task 4982 || Developer: Developer982 || Priority: 3 || Dependency on TaskId: [4983]
=> New Task ID: 4983 || Description: Complex Task 4983 || Developer: Developer983 || Priority: 4 || Dependency on TaskId: [4984]
=> New Task ID: 4984 || Description: Complex Task 4984 || Developer: Developer984 || Priority: 5 || Dependency on TaskId: [4985]
=> New Task ID: 4985 || Description: Complex Task 4985 || Developer: Developer985 || Priority: 1 || Dependency on TaskId: [4986]
=> New Task ID: 4986 || Description: Complex Task 4986 || Developer: Developer986 || Priority: 2 || Dependency on TaskId: [4987]
=> New Task ID: 4987 || Description: Complex Task 4987 || Developer: Developer987 || Priority: 3 || Dependency on TaskId: [4988]
=> New Task ID: 4988 || Description: Complex Task 4988 || Developer: Developer988 || Priority: 4 || Dependency on TaskId: [4989]
=> New Task ID: 4989 || Description: Complex Task 4989 || Developer: Developer989 || Priority: 5 || Dependency on TaskId: [4990]
=> New Task ID: 4990 || Description: Complex Task 4990 || Developer: Developer990 || Priority: 1 || Dependency on TaskId: [4991]
=> New Task ID: 4991 || Description: Complex Task 4991 || Developer: Developer991 || Priority: 2 || Dependency on TaskId: [4992]
=> New Task ID: 4992 || Description: Complex Task 4992 || Developer: Developer992 || Priority: 3 || Dependency on TaskId: [4993]
=> New Task ID: 4993 || Description: Complex Task 4993 || Developer: Developer993 || Priority: 4 || Dependency on TaskId: [4994]
=> New Task ID: 4994 || Description: Complex Task 4994 || Developer: Developer994 || Priority: 5 || Dependency on TaskId: [4995]
=> New Task ID: 4995 || Description: Complex Task 4995 || Developer: Developer995 || Priority: 1 || Dependency on TaskId: [4996]
=> New Task ID: 4996 || Description: Complex Task 4996 || Developer: Developer996 || Priority: 2 || Dependency on TaskId: [4997]
=> New Task ID: 4997 || Description: Complex Task 4997 || Developer: Developer997 || Priority: 3 || Dependency on TaskId: [4998]
=> New Task ID: 4998 || Description: Complex Task 4998 || Developer: Developer998 || Priority: 4 || Dependency on TaskId: [4999]
=> New Task ID: 4999 || Description: Complex Task 4999 || Developer: Developer999 || Priority: 5 || Dependency on TaskId: [5000]
=> New Task ID: 5000 || Description: Complex Task 5000 || Developer: Developer0 || Priority: 1 || Dependency on TaskId: [5001]
=> Task 1 executed successfully.
=> Some tasks could not be executed due to unresolved dependencies.
Execution Time with Complex Dependencies: 8 ms
]]></system-out>
  </testcase>
</testsuite>